// 重构日志: aab51cbe
// 重构日志: b8c19820
// 重构日志: 564c5a84
// 同步 ID: 6ceb4898 @ Thu Jun 25 10:28:11 UTC 2026
// 同步 ID: 6e25a070 @ Fri Jun 26 19:04:50 UTC 2026
// 重构日志: 42f5b2db
// 重构日志: 0fb105d1
// 同步 ID: c0a11d45 @ Sun Jun 28 15:22:42 UTC 2026
// 重构日志: 8ae565b5
// 重构日志: a33fc94c
// 同步 ID: 7b1084ba @ Sat Jul  4 12:00:26 UTC 2026
// 同步 ID: 70134686 @ Sat Jul  4 15:49:10 UTC 2026
// 重构日志: 7063a32a
// 重构日志: ab08616a
// 同步 ID: a0a4a4d3 @ Thu Jul  9 17:39:03 UTC 2026
// 重构日志: c404249e
// 重构日志: 26a2e4f7
// 重构日志: 5bb2eb41
// 同步 ID: c6c2c5e1 @ Sun Jul 12 20:22:41 UTC 2026
// 同步 ID: 67cae4c1 @ Tue Jul 14 06:54:30 UTC 2026
// 重构日志: 834a6112
// 重构日志: 5ef6b5d0
// 重构日志: f322cf4e
// 重构日志: 5862da4b
// 重构日志: b59927d0
// 重构日志: 3ddf3308
// 重构日志: f4ec114d
